<?xml version="1.0" encoding="UTF-8"?>
<coverage generated="1631905980825" clover="3.2.0">
  <project timestamp="1631905980825" name="All files">
    <metrics statements="17" coveredstatements="7" conditionals="9" coveredconditionals="1" methods="6" coveredmethods="1" elements="32" coveredelements="9" complexity="0" loc="17" ncloc="17" packages="1" files="1" classes="1"/>
    <file name="HTTPClient.ts" path="D:\Fathym\Open Source\semanticjs\common\src\api\HTTPClient.ts">
      <metrics statements="17" coveredstatements="7" conditionals="9" coveredconditionals="1" methods="6" coveredmethods="1"/>
      <line num="1" count="1" type="cond" truecount="0" falsecount="1"/>
      <line num="2" count="0" type="stmt"/>
      <line num="10" count="1" type="stmt"/>
      <line num="18" count="0" type="stmt"/>
      <line num="20" count="0" type="stmt"/>
      <line num="21" count="0" type="stmt"/>
      <line num="24" count="0" type="stmt"/>
      <line num="25" count="0" type="stmt"/>
      <line num="28" count="0" type="stmt"/>
      <line num="37" count="1" type="cond" truecount="1" falsecount="0"/>
      <line num="38" count="1" type="stmt"/>
      <line num="46" count="1" type="cond" truecount="0" falsecount="1"/>
      <line num="47" count="0" type="stmt"/>
      <line num="55" count="1" type="stmt"/>
      <line num="60" count="0" type="stmt"/>
      <line num="70" count="1" type="stmt"/>
      <line num="75" count="0" type="stmt"/>
    </file>
  </project>
</coverage>
