{"D:\\Fathym\\Open Source\\semanticjs\\common\\src\\api\\HTTPClient.ts": {"path":"D:\\Fathym\\Open Source\\semanticjs\\common\\src\\api\\HTTPClient.ts","statementMap":{"0":{"start":{"line":2,"column":2},"end":{"line":7,"column":5}},"1":{"start":{"line":1,"column":0},"end":{"line":1,"column":16}},"2":{"start":{"line":18,"column":19},"end":{"line":18,"column":33}},"3":{"start":{"line":20,"column":2},"end":{"line":22,"column":null}},"4":{"start":{"line":21,"column":4},"end":{"line":21,"column":38}},"5":{"start":{"line":24,"column":2},"end":{"line":26,"column":null}},"6":{"start":{"line":25,"column":4},"end":{"line":25,"column":43}},"7":{"start":{"line":28,"column":2},"end":{"line":34,"column":5}},"8":{"start":{"line":10,"column":0},"end":{"line":10,"column":16}},"9":{"start":{"line":38,"column":2},"end":{"line":43,"column":5}},"10":{"start":{"line":37,"column":0},"end":{"line":37,"column":16}},"11":{"start":{"line":47,"column":2},"end":{"line":52,"column":5}},"12":{"start":{"line":46,"column":0},"end":{"line":46,"column":16}},"13":{"start":{"line":60,"column":2},"end":{"line":67,"column":5}},"14":{"start":{"line":55,"column":0},"end":{"line":55,"column":16}},"15":{"start":{"line":75,"column":2},"end":{"line":82,"column":5}},"16":{"start":{"line":70,"column":0},"end":{"line":70,"column":16}}},"fnMap":{"0":{"name":"Delete","decl":{"start":{"line":1,"column":16},"end":{"line":1,"column":22}},"loc":{"start":{"line":1,"column":52},"end":{"line":8,"column":1}}},"1":{"name":"File","decl":{"start":{"line":10,"column":16},"end":{"line":10,"column":20}},"loc":{"start":{"line":16,"column":18},"end":{"line":35,"column":1}}},"2":{"name":"Get","decl":{"start":{"line":37,"column":16},"end":{"line":37,"column":19}},"loc":{"start":{"line":37,"column":49},"end":{"line":44,"column":1}}},"3":{"name":"Head","decl":{"start":{"line":46,"column":16},"end":{"line":46,"column":20}},"loc":{"start":{"line":46,"column":50},"end":{"line":53,"column":1}}},"4":{"name":"Post","decl":{"start":{"line":55,"column":16},"end":{"line":55,"column":20}},"loc":{"start":{"line":58,"column":18},"end":{"line":68,"column":1}}},"5":{"name":"Put","decl":{"start":{"line":70,"column":16},"end":{"line":70,"column":19}},"loc":{"start":{"line":73,"column":18},"end":{"line":83,"column":1}}}},"branchMap":{"0":{"loc":{"start":{"line":1,"column":50},"end":{"line":1,"column":52}},"type":"default-arg","locations":[{"start":{"line":1,"column":50},"end":{"line":1,"column":52}}]},"1":{"loc":{"start":{"line":13,"column":28},"end":{"line":13,"column":34}},"type":"default-arg","locations":[{"start":{"line":13,"column":28},"end":{"line":13,"column":34}}]},"2":{"loc":{"start":{"line":14,"column":34},"end":{"line":14,"column":36}},"type":"default-arg","locations":[{"start":{"line":14,"column":34},"end":{"line":14,"column":36}}]},"3":{"loc":{"start":{"line":15,"column":19},"end":{"line":15,"column":24}},"type":"default-arg","locations":[{"start":{"line":15,"column":19},"end":{"line":15,"column":24}}]},"4":{"loc":{"start":{"line":16,"column":16},"end":{"line":16,"column":18}},"type":"default-arg","locations":[{"start":{"line":16,"column":16},"end":{"line":16,"column":18}}]},"5":{"loc":{"start":{"line":37,"column":47},"end":{"line":37,"column":49}},"type":"default-arg","locations":[{"start":{"line":37,"column":47},"end":{"line":37,"column":49}}]},"6":{"loc":{"start":{"line":46,"column":48},"end":{"line":46,"column":50}},"type":"default-arg","locations":[{"start":{"line":46,"column":48},"end":{"line":46,"column":50}}]},"7":{"loc":{"start":{"line":58,"column":16},"end":{"line":58,"column":18}},"type":"default-arg","locations":[{"start":{"line":58,"column":16},"end":{"line":58,"column":18}}]},"8":{"loc":{"start":{"line":73,"column":16},"end":{"line":73,"column":18}},"type":"default-arg","locations":[{"start":{"line":73,"column":16},"end":{"line":73,"column":18}}]}},"s":{"0":0,"1":1,"2":0,"3":0,"4":0,"5":0,"6":0,"7":0,"8":1,"9":1,"10":1,"11":0,"12":1,"13":0,"14":1,"15":0,"16":1},"f":{"0":0,"1":0,"2":1,"3":0,"4":0,"5":0},"b":{"0":[0],"1":[0],"2":[0],"3":[0],"4":[0],"5":[1],"6":[0],"7":[0],"8":[0]}}
}
